IQ-TREE multicore version 2.2.6 COVID-edition for Linux 64-bit built Dec  8 2023
Developed by Bui Quang Minh, James Barbetti, Nguyen Lam Tung,
Olga Chernomor, Heiko Schmidt, Dominik Schrempf, Michael Woodhams, Ly Trong Nhan.

Host:    AURAStudy (AVX2, FMA3, 7 GB RAM)
Command: iqtree -s bb_a24 --rate -cmin 10 -redo
Seed:    388200 (Using SPRNG - Scalable Parallel Random Number Generator)
Time:    Thu Feb 15 14:05:22 2024
Kernel:  AVX+FMA - 1 threads (12 CPU cores detected)

HINT: Use -nt option to specify number of threads because your CPU has 12 cores!
HINT: -nt AUTO will automatically determine the best number of threads to use.

Reading alignment file bb_a24 ... Fasta format detected
Reading fasta file: done in 0.000474842 secs using 91.61% CPU
Alignment most likely contains protein sequences
Constructing alignment: done in 0.000443679 secs
WARNING: 44 sites contain only gaps or ambiguous characters.
Alignment has 28 sequences with 247 columns, 122 distinct patterns
88 parsimony-informative, 5 singleton sites, 154 constant sites
                                        Gap/Ambiguity  Composition  p-value
Analyzing sequences: done in 3.0577e-05 secs
   1  B.burgdorferi|64b|BBU64B_A0021           21.46%    passed    100.00%
   2  B.burgdorferi|NIH5|QIA05_00320           21.46%    passed    100.00%
   3  B.burgdorferi|WI91-23|BBUWI9123_A0022    21.46%    passed    100.00%
   4  B.burgdorferi|B331|BHT49_06870           21.46%    passed    100.00%
   5  B.burgdorferi|N40|BbuN40_A24             21.46%    passed    100.00%
   6  B.burgdorferi|ZS7|BbuZS7_A21             21.46%    passed    100.00%
   7  B.burgdorferi|BOL26|BBUBOL26_A21         21.46%    passed    100.00%
   8  B.burgdorferi|Bol29|QIA09_04580          21.46%    passed    100.00%
   9  B.burgdorferi|NE5248|QIA11_00325         21.46%    passed    100.00%
  10  B.burgdorferi|NE5267|QIA13_00325         21.05%    passed    100.00%
  11  B.burgdorferi|NE5261|QIA12_00325         21.05%    passed    100.00%
  12  B.burgdorferi|Fr-93-1|QIA10_04380        21.05%    passed    100.00%
  13  B.burgdorferi|29805|BBU29805_A23         21.46%    passed    100.00%
  14  B.burgdorferi|SCW-9|QIA14_04580          21.46%    passed    100.00%
  15  B.burgdorferi|217_5|QIA07_04545          21.46%    passed    100.00%
  16  B.burgdorferi|Z9|QIA16_04480             21.46%    passed    100.00%
  17  B.burgdorferi|B31|BB_A24                 22.67%    passed    100.00%
  18  B.burgdorferi|NIH8|QIA04_00325           22.67%    passed    100.00%
  19  B.burgdorferi|NIH3|QIA06_00325           22.67%    passed    100.00%
  20  B.burgdorferi|Sh-2-82|QIA15_00310        24.29%    passed    100.00%
  21  B.burgdorferi|80a|QIA08_00435            24.29%    passed    100.00%
  22  B.burgdorferi|156a|Bbu156a_A22           23.89%    passed     99.95%
  23  B.burgdorferi|JD1|BbuJD1_A24             23.89%    passed     99.99%
  24  B.burgdorferi|CA-11-2A|BBUCA112A_A0022   24.29%    passed     99.39%
  25  B.burgdorferi|MM1|BbuMM1_A250            26.32%    passed     99.93%
  26  B.burgdorferi|94a|BBU94A_A23             26.32%    passed     99.93%
  27  B.burgdorferi|72a|BBU72A_A0023           26.32%    passed     99.81%
  28  B.burgdorferi|118a|BBU118A_A22           26.32%    passed     99.81%
****  TOTAL                                    22.72%  0 sequences failed composition chi2 test (p-value<5%; df=19)
NOTE: B.burgdorferi|NIH5|QIA05_00320 is identical to B.burgdorferi|64b|BBU64B_A0021 but kept for subsequent analysis
NOTE: B.burgdorferi|B331|BHT49_06870 is identical to B.burgdorferi|WI91-23|BBUWI9123_A0022 but kept for subsequent analysis
NOTE: B.burgdorferi|BOL26|BBUBOL26_A21 is identical to B.burgdorferi|ZS7|BbuZS7_A21 but kept for subsequent analysis
NOTE: B.burgdorferi|NE5261|QIA12_00325 is identical to B.burgdorferi|NE5267|QIA13_00325 but kept for subsequent analysis
NOTE: B.burgdorferi|217_5|QIA07_04545 is identical to B.burgdorferi|SCW-9|QIA14_04580 but kept for subsequent analysis
NOTE: B.burgdorferi|NIH8|QIA04_00325 is identical to B.burgdorferi|B31|BB_A24 but kept for subsequent analysis
NOTE: B.burgdorferi|80a|QIA08_00435 is identical to B.burgdorferi|Sh-2-82|QIA15_00310 but kept for subsequent analysis
NOTE: B.burgdorferi|94a|BBU94A_A23 is identical to B.burgdorferi|MM1|BbuMM1_A250 but kept for subsequent analysis
NOTE: B.burgdorferi|118a|BBU118A_A22 is identical to B.burgdorferi|72a|BBU72A_A0023 but kept for subsequent analysis
Checking for duplicate sequences: done in 0.000350612 secs
Identifying sites to remove: done in 0.000262503 secs
NOTE: 4 identical sequences (see below) will be ignored for subsequent analysis
NOTE: B.burgdorferi|Bol29|QIA09_04580 (identical to B.burgdorferi|ZS7|BbuZS7_A21) is ignored but added at the end
NOTE: B.burgdorferi|NE5248|QIA11_00325 (identical to B.burgdorferi|ZS7|BbuZS7_A21) is ignored but added at the end
NOTE: B.burgdorferi|Fr-93-1|QIA10_04380 (identical to B.burgdorferi|NE5267|QIA13_00325) is ignored but added at the end
NOTE: B.burgdorferi|NIH3|QIA06_00325 (identical to B.burgdorferi|B31|BB_A24) is ignored but added at the end
Alignment was printed to bb_a24.uniqueseq.phy

For your convenience alignment with unique sequences printed to bb_a24.uniqueseq.phy


Create initial parsimony tree by phylogenetic likelihood library (PLL)... 0.001 seconds
Perform fast likelihood tree search using LG+I+G model...
Estimate model parameters (epsilon = 5.000)
Perform nearest neighbor interchange...
Optimizing NNI: done in 0.0983655 secs using 92.3% CPU
Estimate model parameters (epsilon = 1.000)
1. Initial log-likelihood: -1452.996
Optimal log-likelihood: -1452.884
Proportion of invariable sites: 0.279
Gamma shape alpha: 1.960
Parameters optimization took 1 rounds (0.049 sec)
Time for fast ML tree search: 0.248 seconds

NOTE: ModelFinder requires 5 MB RAM!
ModelFinder will test up to 336 protein models (sample size: 247) ...
 No. Model         -LnL         df  AIC          AICc         BIC
  1  LG            1468.750     45  3027.499     3048.096     3185.422
  2  LG+I          1456.010     46  3004.021     3025.641     3165.453
  3  LG+G4         1451.836     46  2995.671     3017.291     3157.103
  4  LG+I+G4       1452.813     47  2999.627     3022.300     3164.568
  5  LG+R10        1450.815     63  3027.629     3071.695     3248.721
  6  LG+I+R10      1450.900     64  3029.801     3075.515     3254.402
  8  LG+F+I        1416.252     65  2962.504     3009.907     3190.614
  9  LG+F+G4       1410.867     65  2951.735     2999.138     3179.845
 10  LG+F+I+G4     1412.064     66  2956.127     3005.261     3187.747
 14  WAG+I         1437.425     46  2966.849     2988.469     3128.281
 15  WAG+G4        1434.536     46  2961.072     2982.692     3122.504
 16  WAG+I+G4      1435.540     47  2965.080     2987.754     3130.021
 20  WAG+F+I       1395.362     65  2920.725     2968.128     3148.835
 21  WAG+F+G4      1391.632     65  2913.264     2960.667     3141.374
 22  WAG+F+I+G4    1392.794     66  2917.587     2966.721     3149.207
 26  JTT+I         1450.236     46  2992.473     3014.093     3153.904
 27  JTT+G4        1446.086     46  2984.173     3005.793     3145.605
 28  JTT+I+G4      1447.158     47  2988.316     3010.990     3153.258
 32  JTT+F+I       1405.328     65  2940.656     2988.060     3168.766
 33  JTT+F+G4      1399.874     65  2929.748     2977.151     3157.858
 34  JTT+F+I+G4    1401.081     66  2934.162     2983.296     3165.782
WARNING: Normalizing state frequencies so that sum of them equals to 1
 38  Q.pfam+I      1457.581     46  3007.162     3028.782     3168.594
WARNING: Normalizing state frequencies so that sum of them equals to 1
 39  Q.pfam+G4     1453.638     46  2999.276     3020.896     3160.708
WARNING: Normalizing state frequencies so that sum of them equals to 1
 40  Q.pfam+I+G4   1454.501     47  3003.002     3025.675     3167.943
WARNING: Normalizing state frequencies so that sum of them equals to 1
 44  Q.pfam+F+I    1414.165     65  2958.331     3005.734     3186.441
WARNING: Normalizing state frequencies so that sum of them equals to 1
 45  Q.pfam+F+G4   1409.000     65  2948.000     2995.403     3176.110
WARNING: Normalizing state frequencies so that sum of them equals to 1
 46  Q.pfam+F+I+G4 1410.121     66  2952.242     3001.376     3183.862
WARNING: Normalizing state frequencies so that sum of them equals to 1
 50  Q.bird+I      1486.036     46  3064.073     3085.693     3225.505
WARNING: Normalizing state frequencies so that sum of them equals to 1
 51  Q.bird+G4     1478.176     46  3048.353     3069.973     3209.785
WARNING: Normalizing state frequencies so that sum of them equals to 1
 52  Q.bird+I+G4   1478.807     47  3051.615     3074.288     3216.556
WARNING: Normalizing state frequencies so that sum of them equals to 1
 56  Q.bird+F+I    1441.905     65  3013.811     3061.214     3241.921
WARNING: Normalizing state frequencies so that sum of them equals to 1
 57  Q.bird+F+G4   1430.965     65  2991.930     3039.333     3220.040
WARNING: Normalizing state frequencies so that sum of them equals to 1
 58  Q.bird+F+I+G4 1431.814     66  2995.629     3044.762     3227.248
WARNING: Normalizing state frequencies so that sum of them equals to 1
 62  Q.mammal+I    1476.600     46  3045.200     3066.820     3206.632
WARNING: Normalizing state frequencies so that sum of them equals to 1
 63  Q.mammal+G4   1470.726     46  3033.451     3055.071     3194.883
WARNING: Normalizing state frequencies so that sum of them equals to 1
 64  Q.mammal+I+G4 1471.481     47  3036.963     3059.636     3201.904
WARNING: Normalizing state frequencies so that sum of them equals to 1
 68  Q.mammal+F+I  1428.146     65  2986.292     3033.696     3214.403
WARNING: Normalizing state frequencies so that sum of them equals to 1
 69  Q.mammal+F+G4 1420.060     65  2970.120     3017.524     3198.230
WARNING: Normalizing state frequencies so that sum of them equals to 1
 70  Q.mammal+F+I+G4 1420.986     66  2973.973     3023.106     3205.592
 74  Q.insect+I    1458.748     46  3009.496     3031.116     3170.927
 75  Q.insect+G4   1453.658     46  2999.316     3020.936     3160.748
 76  Q.insect+I+G4 1454.630     47  3003.261     3025.934     3168.202
 80  Q.insect+F+I  1423.698     65  2977.397     3024.800     3205.507
 81  Q.insect+F+G4 1417.715     65  2965.431     3012.834     3193.541
 82  Q.insect+F+I+G4 1418.885     66  2969.769     3018.903     3201.389
WARNING: Normalizing state frequencies so that sum of them equals to 1
 86  Q.plant+I     1472.120     46  3036.240     3057.860     3197.672
WARNING: Normalizing state frequencies so that sum of them equals to 1
 87  Q.plant+G4    1464.432     46  3020.864     3042.484     3182.296
WARNING: Normalizing state frequencies so that sum of them equals to 1
 88  Q.plant+I+G4  1465.372     47  3024.743     3047.417     3189.685
WARNING: Normalizing state frequencies so that sum of them equals to 1
 92  Q.plant+F+I   1429.444     65  2988.887     3036.291     3216.998
WARNING: Normalizing state frequencies so that sum of them equals to 1
 93  Q.plant+F+G4  1420.142     65  2970.284     3017.687     3198.394
WARNING: Normalizing state frequencies so that sum of them equals to 1
 94  Q.plant+F+I+G4 1421.239     66  2974.479     3023.612     3206.099
WARNING: Normalizing state frequencies so that sum of them equals to 1
 98  Q.yeast+I     1454.771     46  3001.541     3023.161     3162.973
WARNING: Normalizing state frequencies so that sum of them equals to 1
 99  Q.yeast+G4    1449.252     46  2990.503     3012.123     3151.935
WARNING: Normalizing state frequencies so that sum of them equals to 1
100  Q.yeast+I+G4  1450.292     47  2994.584     3017.257     3159.525
WARNING: Normalizing state frequencies so that sum of them equals to 1
104  Q.yeast+F+I   1422.697     65  2975.393     3022.797     3203.504
WARNING: Normalizing state frequencies so that sum of them equals to 1
105  Q.yeast+F+G4  1416.360     65  2962.720     3010.123     3190.830
WARNING: Normalizing state frequencies so that sum of them equals to 1
106  Q.yeast+F+I+G4 1417.580     66  2967.160     3016.293     3198.780
110  JTTDCMut+I    1449.389     46  2990.778     3012.398     3152.210
111  JTTDCMut+G4   1445.277     46  2982.553     3004.173     3143.985
112  JTTDCMut+I+G4 1446.358     47  2986.717     3009.390     3151.658
116  JTTDCMut+F+I  1404.658     65  2939.316     2986.719     3167.426
117  JTTDCMut+F+G4 1399.224     65  2928.448     2975.852     3156.559
118  JTTDCMut+F+I+G4 1400.447     66  2932.895     2982.028     3164.514
122  DCMut+I       1462.806     46  3017.612     3039.232     3179.044
123  DCMut+G4      1456.031     46  3004.062     3025.682     3165.494
124  DCMut+I+G4    1457.254     47  3008.507     3031.181     3173.449
128  DCMut+F+I     1420.451     65  2970.902     3018.305     3199.012
129  DCMut+F+G4    1412.416     65  2954.831     3002.235     3182.942
130  DCMut+F+I+G4  1413.640     66  2959.280     3008.414     3190.900
134  VT+I          1435.482     46  2962.964     2984.584     3124.396
135  VT+G4         1433.230     46  2958.460     2980.080     3119.892
136  VT+I+G4       1434.071     47  2962.141     2984.814     3127.082
140  VT+F+I        1393.945     65  2917.889     2965.292     3145.999
141  VT+F+G4       1390.990     65  2911.980     2959.384     3140.090
142  VT+F+I+G4     1392.164     66  2916.327     2965.460     3147.947
146  PMB+I         1455.899     46  3003.798     3025.418     3165.229
147  PMB+G4        1453.783     46  2999.567     3021.187     3160.999
148  PMB+I+G4      1454.463     47  3002.927     3025.600     3167.868
152  PMB+F+I       1399.639     65  2929.279     2976.682     3157.389
153  PMB+F+G4      1396.812     65  2923.624     2971.027     3151.734
154  PMB+F+I+G4    1397.878     66  2927.757     2976.890     3159.376
158  Blosum62+I    1449.143     46  2990.287     3011.907     3151.719
159  Blosum62+G4   1447.546     46  2987.091     3008.711     3148.523
160  Blosum62+I+G4 1448.011     47  2990.023     3012.696     3154.964
164  Blosum62+F+I  1401.071     65  2932.142     2979.545     3160.252
165  Blosum62+F+G4 1398.693     65  2927.386     2974.789     3155.496
166  Blosum62+F+I+G4 1399.543     66  2931.086     2980.219     3162.705
170  Dayhoff+I     1462.807     46  3017.613     3039.233     3179.045
171  Dayhoff+G4    1456.063     46  3004.126     3025.746     3165.558
172  Dayhoff+I+G4  1457.285     47  3008.570     3031.243     3173.511
176  Dayhoff+F+I   1420.468     65  2970.935     3018.338     3199.045
177  Dayhoff+F+G4  1412.470     65  2954.939     3002.343     3183.050
178  Dayhoff+F+I+G4 1413.695     66  2959.389     3008.523     3191.009
182  mtREV+I       1551.135     46  3194.271     3215.891     3355.703
183  mtREV+G4      1542.693     46  3177.386     3199.006     3338.818
184  mtREV+I+G4    1543.416     47  3180.832     3203.505     3345.773
188  mtREV+F+I     1427.038     65  2984.075     3031.479     3212.185
189  mtREV+F+G4    1420.873     65  2971.746     3019.150     3199.856
190  mtREV+F+I+G4  1421.894     66  2975.787     3024.921     3207.407
194  mtART+I       1619.782     46  3331.563     3353.183     3492.995
195  mtART+G4      1600.601     46  3293.201     3314.821     3454.633
196  mtART+I+G4    1601.187     47  3296.373     3319.047     3461.315
200  mtART+F+I     1478.524     65  3087.048     3134.451     3315.158
201  mtART+F+G4    1463.957     65  3057.915     3105.318     3286.025
202  mtART+F+I+G4  1464.933     66  3061.866     3110.999     3293.486
206  mtZOA+I       1591.930     46  3275.860     3297.480     3437.292
207  mtZOA+G4      1578.680     46  3249.359     3270.979     3410.791
208  mtZOA+I+G4    1579.424     47  3252.848     3275.522     3417.790
212  mtZOA+F+I     1454.561     65  3039.121     3086.524     3267.231
213  mtZOA+F+G4    1445.142     65  3020.284     3067.687     3248.394
214  mtZOA+F+I+G4  1446.171     66  3024.342     3073.476     3255.962
218  mtMet+I       1548.822     46  3189.643     3211.263     3351.075
219  mtMet+G4      1537.767     46  3167.534     3189.154     3328.966
220  mtMet+I+G4    1538.689     47  3171.378     3194.051     3336.319
224  mtMet+F+I     1439.221     65  3008.442     3055.845     3236.552
225  mtMet+F+G4    1431.229     65  2992.458     3039.861     3220.568
226  mtMet+F+I+G4  1432.248     66  2996.497     3045.630     3228.116
230  mtVer+I       1565.211     46  3222.423     3244.043     3383.854
231  mtVer+G4      1549.496     46  3190.992     3212.612     3352.424
232  mtVer+I+G4    1550.576     47  3195.152     3217.825     3360.093
236  mtVer+F+I     1448.193     65  3026.386     3073.789     3254.496
237  mtVer+F+G4    1437.913     65  3005.826     3053.230     3233.937
238  mtVer+F+I+G4  1438.962     66  3009.923     3059.056     3241.543
242  mtInv+I       1552.274     46  3196.549     3218.169     3357.981
243  mtInv+G4      1544.421     46  3180.841     3202.461     3342.273
244  mtInv+I+G4    1545.225     47  3184.451     3207.124     3349.392
248  mtInv+F+I     1426.307     65  2982.615     3030.018     3210.725
249  mtInv+F+G4    1420.556     65  2971.113     3018.516     3199.223
250  mtInv+F+I+G4  1421.613     66  2975.226     3024.359     3206.846
254  mtMAM+I       1612.406     46  3316.812     3338.432     3478.244
255  mtMAM+G4      1585.067     46  3262.135     3283.755     3423.567
256  mtMAM+I+G4    1585.937     47  3265.875     3288.548     3430.816
260  mtMAM+F+I     1479.106     65  3088.212     3135.616     3316.323
261  mtMAM+F+G4    1462.144     65  3054.288     3101.691     3282.398
262  mtMAM+F+I+G4  1462.863     66  3057.727     3106.860     3289.347
WARNING: Normalizing state frequencies so that sum of them equals to 1
266  FLAVI+I       1515.183     46  3122.367     3143.987     3283.799
WARNING: Normalizing state frequencies so that sum of them equals to 1
267  FLAVI+G4      1504.460     46  3100.921     3122.541     3262.353
WARNING: Normalizing state frequencies so that sum of them equals to 1
268  FLAVI+I+G4    1504.758     47  3103.517     3126.190     3268.458
WARNING: Normalizing state frequencies so that sum of them equals to 1
272  FLAVI+F+I     1465.132     65  3060.264     3107.667     3288.374
WARNING: Normalizing state frequencies so that sum of them equals to 1
273  FLAVI+F+G4    1448.843     65  3027.686     3075.089     3255.796
WARNING: Normalizing state frequencies so that sum of them equals to 1
274  FLAVI+F+I+G4  1449.839     66  3031.679     3080.812     3263.298
278  HIVb+I        1474.235     46  3040.470     3062.090     3201.902
279  HIVb+G4       1468.113     46  3028.227     3049.847     3189.659
280  HIVb+I+G4     1468.584     47  3031.167     3053.841     3196.109
284  HIVb+F+I      1429.991     65  2989.982     3037.385     3218.092
285  HIVb+F+G4     1419.843     65  2969.687     3017.090     3197.797
286  HIVb+F+I+G4   1420.852     66  2973.703     3022.837     3205.323
290  HIVw+I        1461.090     46  3014.179     3035.799     3175.611
291  HIVw+G4       1456.473     46  3004.945     3026.565     3166.377
292  HIVw+I+G4     1456.719     47  3007.438     3030.111     3172.379
296  HIVw+F+I      1424.655     65  2979.309     3026.713     3207.419
297  HIVw+F+G4     1417.304     65  2964.608     3012.011     3192.718
298  HIVw+F+I+G4   1417.833     66  2967.666     3016.799     3199.286
302  FLU+I         1461.395     46  3014.791     3036.411     3176.223
303  FLU+G4        1457.064     46  3006.129     3027.749     3167.561
304  FLU+I+G4      1457.385     47  3008.770     3031.444     3173.712
308  FLU+F+I       1420.672     65  2971.344     3018.747     3199.454
309  FLU+F+G4      1413.601     65  2957.202     3004.606     3185.312
310  FLU+F+I+G4    1414.438     66  2960.876     3010.009     3192.495
314  rtREV+I       1461.075     46  3014.150     3035.770     3175.582
315  rtREV+G4      1457.432     46  3006.863     3028.483     3168.295
316  rtREV+I+G4    1458.308     47  3010.616     3033.289     3175.557
320  rtREV+F+I     1416.274     65  2962.547     3009.951     3190.658
321  rtREV+F+G4    1411.440     65  2952.881     3000.284     3180.991
322  rtREV+F+I+G4  1412.669     66  2957.337     3006.470     3188.957
326  cpREV+I       1441.376     46  2974.752     2996.372     3136.184
327  cpREV+G4      1439.535     46  2971.070     2992.690     3132.502
328  cpREV+I+G4    1440.143     47  2974.286     2996.959     3139.227
332  cpREV+F+I     1390.895     65  2911.789     2959.193     3139.900
333  cpREV+F+G4    1387.815     65  2905.631     2953.034     3133.741
334  cpREV+F+I+G4  1388.917     66  2909.834     2958.967     3141.454
Akaike Information Criterion:           cpREV+F+G4
Corrected Akaike Information Criterion: cpREV+F+G4
Bayesian Information Criterion:         VT+G4
Best-fit model: VT+G4 chosen according to BIC

All model information printed to bb_a24.model.gz
CPU time for ModelFinder: 16.131 seconds (0h:0m:16s)
Wall-clock time for ModelFinder: 17.554 seconds (0h:0m:17s)
WARNING: States(s) W rarely appear in alignment and may cause numerical problems

NOTE: 2 MB RAM (0 GB) is required!
Estimate model parameters (epsilon = 0.100)
1. Initial log-likelihood: -1433.230
Optimal log-likelihood: -1433.230
Gamma shape alpha: 0.979
Parameters optimization took 1 rounds (0.023 sec)
Wrote distance file to... 
Computing ML distances based on estimated model parameters...
Calculating distance matrix: done in 0.0595985 secs using 92.25% CPU
Computing ML distances took 0.059772 sec (of wall-clock time) 0.055146 sec (of CPU time)
Setting up auxiliary I and S matrices: done in 4.503e-05 secs using 91.05% CPU
Constructing RapidNJ tree: done in 0.00011966 secs using 91.93% CPU
Computing RapidNJ tree took 0.000263 sec (of wall-clock time) 0.000242 sec (of CPU time)
Log-likelihood of RapidNJ tree: -1440.356
--------------------------------------------------------------------
|             INITIALIZING CANDIDATE TREE SET                      |
--------------------------------------------------------------------
Generating 98 parsimony trees... 0.091 second
Computing log-likelihood of 98 initial trees ... 0.692 seconds
Current best score: -1433.230

Do NNI search on 20 best initial trees
Optimizing NNI: done in 0.0320435 secs using 92.27% CPU
Estimate model parameters (epsilon = 0.100)
BETTER TREE FOUND at iteration 1: -1433.230
Optimizing NNI: done in 0.0863685 secs using 92.3% CPU
Optimizing NNI: done in 0.112044 secs using 92.3% CPU
BETTER TREE FOUND at iteration 3: -1433.230
Optimizing NNI: done in 0.12765 secs using 92.31% CPU
Optimizing NNI: done in 0.121567 secs using 92.31% CPU
UPDATE BEST LOG-LIKELIHOOD: -1433.230
Optimizing NNI: done in 0.113759 secs using 92.3% CPU
BETTER TREE FOUND at iteration 6: -1433.229
Optimizing NNI: done in 0.115132 secs using 92.3% CPU
UPDATE BEST LOG-LIKELIHOOD: -1433.229
Optimizing NNI: done in 0.117398 secs using 92.31% CPU
Optimizing NNI: done in 0.120375 secs using 92.31% CPU
Optimizing NNI: done in 0.117289 secs using 92.3% CPU
Iteration 10 / LogL: -1433.230 / Time: 0h:0m:2s
Optimizing NNI: done in 0.135787 secs using 92.31% CPU
Optimizing NNI: done in 0.112457 secs using 92.31% CPU
UPDATE BEST LOG-LIKELIHOOD: -1433.229
Optimizing NNI: done in 0.119589 secs using 92.31% CPU
Optimizing NNI: done in 0.129041 secs using 92.31% CPU
Optimizing NNI: done in 0.132019 secs using 92.31% CPU
Optimizing NNI: done in 0.137472 secs using 85.59% CPU
Optimizing NNI: done in 0.133655 secs using 92.3% CPU
Optimizing NNI: done in 0.133264 secs using 92.31% CPU
Optimizing NNI: done in 0.130601 secs using 92.3% CPU
Optimizing NNI: done in 0.135832 secs using 85.49% CPU
Iteration 20 / LogL: -1433.230 / Time: 0h:0m:3s
Finish initializing candidate tree set (8)
Current best tree score: -1433.229 / CPU time: 3.219
Number of iterations: 20
--------------------------------------------------------------------
|               OPTIMIZING CANDIDATE TREE SET                      |
--------------------------------------------------------------------
Optimizing NNI: done in 0.198608 secs using 92.31% CPU
Optimizing NNI: done in 0.138841 secs using 92.3% CPU
Optimizing NNI: done in 0.136547 secs using 92.31% CPU
Optimizing NNI: done in 0.217531 secs using 92.31% CPU
Optimizing NNI: done in 0.143217 secs using 92.31% CPU
Optimizing NNI: done in 0.167036 secs using 92.31% CPU
Optimizing NNI: done in 0.189754 secs using 92.3% CPU
Optimizing NNI: done in 0.210757 secs using 92.31% CPU
Optimizing NNI: done in 0.204531 secs using 92.31% CPU
Optimizing NNI: done in 0.227521 secs using 88.26% CPU
Iteration 30 / LogL: -1433.230 / Time: 0h:0m:5s (0h:0m:13s left)
Optimizing NNI: done in 0.193962 secs using 92.3% CPU
Optimizing NNI: done in 0.168385 secs using 92.31% CPU
Optimizing NNI: done in 0.103355 secs using 92.3% CPU
Optimizing NNI: done in 0.156674 secs using 92.31% CPU
Optimizing NNI: done in 0.190919 secs using 92.31% CPU
Optimizing NNI: done in 0.134244 secs using 92.31% CPU
Optimizing NNI: done in 0.143942 secs using 92.31% CPU
Optimizing NNI: done in 0.231324 secs using 92.3% CPU
Optimizing NNI: done in 0.126951 secs using 92.29% CPU
Optimizing NNI: done in 0.152555 secs using 92.31% CPU
UPDATE BEST LOG-LIKELIHOOD: -1433.229
Iteration 40 / LogL: -1433.229 / Time: 0h:0m:6s (0h:0m:11s left)
Optimizing NNI: done in 0.183638 secs using 92.31% CPU
Optimizing NNI: done in 0.134934 secs using 92.3% CPU
Optimizing NNI: done in 0.238016 secs using 92.31% CPU
Optimizing NNI: done in 0.154953 secs using 92.31% CPU
Optimizing NNI: done in 0.230534 secs using 92.31% CPU
Optimizing NNI: done in 0.114757 secs using 92.31% CPU
Optimizing NNI: done in 0.141111 secs using 92.3% CPU
Optimizing NNI: done in 0.157645 secs using 92.31% CPU
Optimizing NNI: done in 0.186433 secs using 92.31% CPU
Optimizing NNI: done in 0.12482 secs using 92.31% CPU
Iteration 50 / LogL: -1433.231 / Time: 0h:0m:8s (0h:0m:9s left)
Optimizing NNI: done in 0.133752 secs using 92.31% CPU
Optimizing NNI: done in 0.138115 secs using 92.31% CPU
Optimizing NNI: done in 0.173381 secs using 92.31% CPU
Optimizing NNI: done in 0.137977 secs using 92.31% CPU
Optimizing NNI: done in 0.235309 secs using 92.31% CPU
Optimizing NNI: done in 0.149361 secs using 92.3% CPU
Optimizing NNI: done in 0.272119 secs using 92.31% CPU
Optimizing NNI: done in 0.1512 secs using 92.31% CPU
Optimizing NNI: done in 0.215903 secs using 92.31% CPU
Optimizing NNI: done in 0.177657 secs using 92.31% CPU
Iteration 60 / LogL: -1433.231 / Time: 0h:0m:10s (0h:0m:8s left)
Optimizing NNI: done in 0.129154 secs using 92.31% CPU
Optimizing NNI: done in 0.108025 secs using 92.3% CPU
Optimizing NNI: done in 0.240739 secs using 92.31% CPU
Optimizing NNI: done in 0.221673 secs using 92.31% CPU
Optimizing NNI: done in 0.0831597 secs using 92.3% CPU
Optimizing NNI: done in 0.266412 secs using 88.83% CPU
Optimizing NNI: done in 0.172705 secs using 92.31% CPU
Optimizing NNI: done in 0.178438 secs using 92.31% CPU
Optimizing NNI: done in 0.181871 secs using 92.31% CPU
Optimizing NNI: done in 0.108984 secs using 92.31% CPU
Iteration 70 / LogL: -1433.230 / Time: 0h:0m:12s (0h:0m:6s left)
Optimizing NNI: done in 0.141613 secs using 92.31% CPU
Optimizing NNI: done in 0.159689 secs using 92.31% CPU
Optimizing NNI: done in 0.119185 secs using 92.31% CPU
Optimizing NNI: done in 0.128182 secs using 92.31% CPU
Optimizing NNI: done in 0.146973 secs using 92.31% CPU
Optimizing NNI: done in 0.206322 secs using 92.31% CPU
Optimizing NNI: done in 0.219538 secs using 88.09% CPU
Optimizing NNI: done in 0.146911 secs using 92.3% CPU
Optimizing NNI: done in 0.173694 secs using 92.31% CPU
Optimizing NNI: done in 0.15374 secs using 92.31% CPU
Iteration 80 / LogL: -1433.230 / Time: 0h:0m:13s (0h:0m:4s left)
Optimizing NNI: done in 0.136668 secs using 92.3% CPU
Optimizing NNI: done in 0.113919 secs using 92.3% CPU
Optimizing NNI: done in 0.146215 secs using 92.31% CPU
Optimizing NNI: done in 0.156025 secs using 92.31% CPU
Optimizing NNI: done in 0.221405 secs using 92.31% CPU
Optimizing NNI: done in 0.194221 secs using 92.31% CPU
Optimizing NNI: done in 0.264901 secs using 92.31% CPU
Optimizing NNI: done in 0.215855 secs using 92.31% CPU
Optimizing NNI: done in 0.143002 secs using 92.31% CPU
Optimizing NNI: done in 0.141384 secs using 92.31% CPU
Iteration 90 / LogL: -1433.230 / Time: 0h:0m:15s (0h:0m:2s left)
Optimizing NNI: done in 0.167804 secs using 92.31% CPU
Optimizing NNI: done in 0.180768 secs using 92.31% CPU
Optimizing NNI: done in 0.202744 secs using 92.31% CPU
Optimizing NNI: done in 0.166384 secs using 86.77% CPU
Optimizing NNI: done in 0.184838 secs using 92.31% CPU
Optimizing NNI: done in 0.163011 secs using 92.31% CPU
Optimizing NNI: done in 0.22608 secs using 92.31% CPU
Optimizing NNI: done in 0.178205 secs using 92.31% CPU
Optimizing NNI: done in 0.205855 secs using 92.31% CPU
Optimizing NNI: done in 0.116767 secs using 92.3% CPU
Iteration 100 / LogL: -1449.533 / Time: 0h:0m:17s (0h:0m:1s left)
Optimizing NNI: done in 0.121467 secs using 92.3% CPU
Optimizing NNI: done in 0.0735407 secs using 92.3% CPU
Optimizing NNI: done in 0.25699 secs using 88.72% CPU
Optimizing NNI: done in 0.202757 secs using 92.3% CPU
Optimizing NNI: done in 0.136005 secs using 92.31% CPU
Optimizing NNI: done in 0.153461 secs using 92.3% CPU
Optimizing NNI: done in 0.149653 secs using 92.31% CPU
TREE SEARCH COMPLETED AFTER 107 ITERATIONS / Time: 0h:0m:18s

--------------------------------------------------------------------
|                    FINALIZING TREE SEARCH                        |
--------------------------------------------------------------------
Performs final model parameters optimization
Estimate model parameters (epsilon = 0.010)
1. Initial log-likelihood: -1433.229
Optimal log-likelihood: -1433.229
Gamma shape alpha: 0.979
Parameters optimization took 1 rounds (0.024 sec)
BEST SCORE FOUND : -1433.229
Empirical proportions for each category: 0.429 0.000 0.186 0.385
Site rates printed to bb_a24.rate
Total tree length: 0.905

Total number of iterations: 107
CPU time used for tree search: 16.766 sec (0h:0m:16s)
Wall-clock time used for tree search: 18.245 sec (0h:0m:18s)
Total CPU time used: 16.943 sec (0h:0m:16s)
Total wall-clock time used: 18.417 sec (0h:0m:18s)

Analysis results written to: 
  IQ-TREE report:                bb_a24.iqtree
  Maximum-likelihood tree:       bb_a24.treefile
  Likelihood distances:          bb_a24.mldist
  Site-specific rates:           bb_a24.rate
  Screen log file:               bb_a24.log

Date and Time: Thu Feb 15 14:05:58 2024
